<?xml version="1.0" encoding="UTF-8"?>
<!-- Generated by org.testng.reporters.JUnitXMLReporter -->
<testsuite ignored="0" hostname="ALAN-TURING" failures="0" tests="2" name="BankingApp Test" time="55.382" errors="0" timestamp="2024-03-07T15:19:06 IST">
  <testcase classname="com.inetbanking.testCases.TC_LoginTest_001" name="loginTest" time="3.272"/>
  <testcase classname="com.inetbanking.testCases.TC_AddCustomerTest_003" name="addNewCustomer" time="32.142"/>
</testsuite> <!-- BankingApp Test -->
